[debug] [2025-12-24T13:21:12.327Z] ----------------------------------------------------------------------
[debug] [2025-12-24T13:21:12.329Z] Command:       C:\Program Files\nodejs\node.exe C:\Users\clear\AppData\Roaming\npm\node_modules\firebase-tools\lib\bin\firebase.js deploy --only functions
[debug] [2025-12-24T13:21:12.329Z] CLI Version:   15.0.0
[debug] [2025-12-24T13:21:12.329Z] Platform:      win32
[debug] [2025-12-24T13:21:12.329Z] Node Version:  v24.10.0
[debug] [2025-12-24T13:21:12.329Z] Time:          Wed Dec 24 2025 22:21:12 GMT+0900 (日本標準時)
[debug] [2025-12-24T13:21:12.329Z] ----------------------------------------------------------------------
[debug] 
[debug] [2025-12-24T13:21:13.701Z] > command requires scopes: ["email","openid","https://www.googleapis.com/auth/cloudplatformprojects.readonly","https://www.googleapis.com/auth/firebase","https://www.googleapis.com/auth/cloud-platform"]
[debug] [2025-12-24T13:21:13.701Z] > authorizing via signed-in user (toataro1126@gmail.com)
[debug] [2025-12-24T13:21:13.701Z] [iam] checking project habitflow-firebase for permissions ["cloudfunctions.functions.create","cloudfunctions.functions.delete","cloudfunctions.functions.get","cloudfunctions.functions.list","cloudfunctions.functions.update","cloudfunctions.operations.get","firebase.projects.get"]
[debug] [2025-12-24T13:21:13.702Z] Checked if tokens are valid: false, expires at: 1766583116297
[debug] [2025-12-24T13:21:13.702Z] Checked if tokens are valid: false, expires at: 1766583116297
[debug] [2025-12-24T13:21:13.702Z] > refreshing access token with scopes: []
[debug] [2025-12-24T13:21:13.703Z] >>> [apiv2][query] POST https://www.googleapis.com/oauth2/v3/token [none]
[debug] [2025-12-24T13:21:13.703Z] >>> [apiv2][body] POST https://www.googleapis.com/oauth2/v3/token [omitted]
[debug] [2025-12-24T13:21:13.834Z] <<< [apiv2][status] POST https://www.googleapis.com/oauth2/v3/token 200
[debug] [2025-12-24T13:21:13.834Z] <<< [apiv2][body] POST https://www.googleapis.com/oauth2/v3/token [omitted]
[debug] [2025-12-24T13:21:13.841Z] >>> [apiv2][query] POST https://cloudresourcemanager.googleapis.com/v1/projects/habitflow-firebase:testIamPermissions [none]
[debug] [2025-12-24T13:21:13.841Z] >>> [apiv2][(partial)header] POST https://cloudresourcemanager.googleapis.com/v1/projects/habitflow-firebase:testIamPermissions x-goog-quota-user=projects/habitflow-firebase
[debug] [2025-12-24T13:21:13.841Z] >>> [apiv2][body] POST https://cloudresourcemanager.googleapis.com/v1/projects/habitflow-firebase:testIamPermissions {"permissions":["cloudfunctions.functions.create","cloudfunctions.functions.delete","cloudfunctions.functions.get","cloudfunctions.functions.list","cloudfunctions.functions.update","cloudfunctions.operations.get","firebase.projects.get"]}
